> > DIR /
DIR /hello/
DIR /hello/os/
DIR /hello/os/user/
FIL /hello/os/user/user.go
FIL /hello/os/user/lookup_unix.go
FIL /hello/os/user/lookup.go
FIL /hello/os/user/user_test.go
FIL /hello/os/user/lookup_w.go
FIL /hello/os/pipe_bsd.go
FIL /hello/os/sys_unix.go
FIL /hello/os/sys_freebsd.go
FIL /hello/os/types.go
FIL /hello/os/exec_plan9.go
DIR /hello/os/signal/
FIL /hello/os/signal/signal.go
FIL /hello/os/signal/signal_unix.go
FIL /hello/os/signal/sig.s
FIL /hello/os/file_posix.go
FIL /hello/os/exec_unix.go
FIL /hello/os/str.go
FIL /hello/os/getwd.go
FIL /hello/os/sys_bsd.go
FIL /hello/os/error_plan9.go
FIL /hello/os/path_plan9.go
FIL /hello/os/path.go
FIL /hello/os/error_unix.go
FIL /hello/os/sys_linux.go
FIL /hello/os/sys_plan9.go
FIL /hello/os/proc.go
FIL /hello/os/dir_windows.go
FIL /hello/os/stat_plan9.go
FIL /hello/os/env.go
FIL /hello/os/error_test.go
FIL /hello/os/exec.go
FIL /hello/os/sys_windows.go
FIL /hello/os/exec_posix.go
FIL /hello/os/stat_linux.go
FIL /hello/os/sticky_bsd.go
FIL /hello/os/path_unix.go
FIL /hello/os/sys_solaris.go
FIL /hello/os/stat_darwin.go
FIL /hello/os/stat_nacl.go
FIL /hello/os/sys_darwin.go
FIL /hello/os/error.go
FIL /hello/os/dir_plan9.go
FIL /hello/os/dir_unix.go
FIL /hello/os/sys_nacl.go
FIL /hello/os/env_test.go
FIL /hello/os/stat_netbsd.go
FIL /hello/os/pipe_linux.go
FIL /hello/os/export_test.go
DIR /hello/net/
FIL /hello/net/nss_test.go
FIL /hello/net/sock_bsd.go
FIL /hello/net/file_unix.go
FIL /hello/net/lookup_unix.go
FIL /hello/net/race0.go
FIL /hello/net/cgo_bsd.go
DIR /hello/net/internal/
DIR /hello/net/internal/socktest/
FIL /hello/net/internal/socktest/switch_unix.go
FIL /hello/net/internal/socktest/switch_stub.go
FIL /hello/net/internal/socktest/sys_windows.go
FIL /hello/net/internal/socktest/sys_cloexec.go
FIL /hello/net/internal/socktest/main_test.go
FIL /hello/net/file_plan9.go
FIL /hello/net/port.go
DIR /hello/net/textproto/
FIL /hello/net/textproto/writer_test.go
FIL /hello/net/textproto/pipeline.go
FIL /hello/net/textproto/writer.go
FIL /hello/net/textproto/textproto.go
FIL /hello/net/textproto/header.go
FIL /hello/net/hook.go
FIL /hello/net/port_test.go
FIL /hello/net/cgo_solaris.go
FIL /hello/net/conf_netcgo.go
FIL /hello/net/hosts.go
FIL /hello/net/cgo_linux.go
FIL /hello/net/cgo_socknew.go
FIL /hello/net/udpsock.go
DIR /hello/net/rpc/
DIR /hello/net/rpc/jsonrpc/
FIL /hello/net/rpc/jsonrpc/client.go
FIL /hello/net/rpc/jsonrpc/server.go
FIL /hello/net/rpc/client_test.go
FIL /hello/net/rpc/debug.go
FIL /hello/net/fd_posix.go
FIL /hello/net/cgo_netbsd.go
FIL /hello/net/hook_plan9.go
FIL /hello/net/cgo_openbsd.go
FIL /hello/net/ipraw_test.go
FIL /hello/net/mac_test.go
FIL /hello/net/cgo_windows.go
FIL /hello/net/parse_test.go
FIL /hello/net/hosts_test.go
FIL /hello/net/nss.go
FIL /hello/net/lookup_stub.go
FIL /hello/net/tcpsock.go
FIL /hello/net/dial_gen.go
FIL /hello/net/hook_unix.go
FIL /hello/net/file_stub.go
FIL /hello/net/unixsock.go
FIL /hello/net/port_unix.go
FIL /hello/net/cgo_resnew.go
FIL /hello/net/conn_test.go
FIL /hello/net/sock_linux.go
FIL /hello/net/mac.go
FIL /hello/net/sockopt_bsd.go
FIL /hello/net/iprawsock.go
FIL /hello/net/sys_cloexec.go
DIR /hello/net/smtp/
FIL /hello/net/smtp/auth.go
FIL /hello/net/cgo_android.go
DIR /hello/net/url/
DIR /hello/net/testdata/
FIL /hello/net/testdata/ipv4-hosts
FIL /hello/net/testdata/ipv6-hosts
FIL /hello/net/testdata/igmp
FIL /hello/net/testdata/resolv.conf
FIL /hello/net/testdata/igmp6
FIL /hello/net/testdata/hosts
FIL /hello/net/pipe.go
FIL /hello/net/sock_stub.go
FIL /hello/net/sock_plan9.go
FIL /hello/net/cgo_resold.go
FIL /hello/net/file.go
FIL /hello/net/race.go
FIL /hello/net/cgo_stub.go
DIR /hello/net/http/
DIR /hello/net/http/httptest/
FIL /hello/net/http/httptest/server_test.go
FIL /hello/net/http/httptest/recorder.go
FIL /hello/net/http/range_test.go
FIL /hello/net/http/lex.go
FIL /hello/net/http/triv.go
DIR /hello/net/http/internal/
FIL /hello/net/http/doc.go
DIR /hello/net/http/cookiejar/
FIL /hello/net/http/cookiejar/punycode.go
FIL /hello/net/http/npn_test.go
DIR /hello/net/http/fcgi/
DIR /hello/net/http/httputil/
FIL /hello/net/http/httputil/httputil.go
FIL /hello/net/http/lex_test.go
DIR /hello/net/http/pprof/
DIR /hello/net/http/cgi/
FIL /hello/net/http/cgi/child_test.go
DIR /hello/net/http/cgi/testdata/
FIL /hello/net/http/cgi/testdata/test.cgi
FIL /hello/net/http/cgi/plan9_test.go
FIL /hello/net/http/cgi/posix_test.go
FIL /hello/net/http/http_test.go
DIR /hello/net/http/testdata/
FIL /hello/net/http/testdata/index.html
FIL /hello/net/http/testdata/style.css
FIL /hello/net/http/testdata/file
FIL /hello/net/http/jar.go
FIL /hello/net/http/main_test.go
FIL /hello/net/http/race.go
FIL /hello/net/http/proxy_test.go
FIL /hello/net/http/export_test.go
FIL /hello/net/pipe_test.go
DIR /hello/net/mail/
FIL /hello/net/cgo_sockold.go
> 