**********FS SUPERBLOCK START**********
s_isize             : 64  
s_fsize             : 1024
s_fbmsize           : 1   
s_ibmsize           : 1   
s_inode_start       : 4   
s_block_start       : 68  
s_fbm_start         : 2   
s_ibm_start         : 3   
s_flock             : 0   
s_ilock             : 0   
s_fmod              : 0   
s_ronly             : 0   
s_time              : [0] 0
**********FS SUPERBLOCK END**********
inode   1 (DIR) len   16
inode   2 (DIR) len   32
inode   3 (DIR) len   656
inode   4 (DIR) len   80
inode   5 (FIL) len   1146
inode   6 (FIL) len   3199
inode   7 (FIL) len   645
inode   8 (FIL) len   1829
inode   9 (FIL) len   3461
inode   10 (FIL) len   796
inode   11 (FIL) len   339
inode   12 (FIL) len   595
inode   13 (FIL) len   4049
inode   14 (FIL) len   2927
inode   15 (DIR) len   48
inode   16 (FIL) len   4039
inode   17 (FIL) len   963
inode   18 (FIL) len   711
inode   19 (FIL) len   4016
inode   20 (FIL) len   1698
inode   21 (FIL) len   728
inode   22 (FIL) len   2603
inode   23 (FIL) len   512
inode   24 (FIL) len   1158
inode   25 (FIL) len   443
inode   26 (FIL) len   2938
inode   27 (FIL) len   914
inode   28 (FIL) len   517
inode   29 (FIL) len   473
inode   30 (FIL) len   1583
inode   31 (FIL) len   376
inode   32 (FIL) len   2521
inode   33 (FIL) len   3403
inode   34 (FIL) len   3159
inode   35 (FIL) len   2207
inode   36 (FIL) len   874
inode   37 (FIL) len   2608
inode   38 (FIL) len   1400
inode   39 (FIL) len   376
inode   40 (FIL) len   507
inode   41 (FIL) len   265
inode   42 (FIL) len   1427
inode   43 (FIL) len   1416
inode   44 (FIL) len   768
inode   45 (FIL) len   1937
inode   46 (FIL) len   1564
inode   47 (FIL) len   1195
inode   48 (FIL) len   290
inode   49 (FIL) len   2413
inode   50 (FIL) len   1410
inode   51 (FIL) len   990
inode   52 (FIL) len   235
inode   53 (DIR) len   928
inode   54 (FIL) len   3415
inode   55 (FIL) len   835
inode   56 (FIL) len   2428
inode   57 (FIL) len   3886
inode   58 (FIL) len   457
inode   59 (FIL) len   349
inode   60 (DIR) len   16
inode   61 (DIR) len   80
inode   62 (FIL) len   745
inode   63 (FIL) len   454
inode   64 (FIL) len   3372
inode   65 (FIL) len   981
inode   66 (FIL) len   1090
inode   67 (FIL) len   2780
inode   68 (FIL) len   592
inode   69 (DIR) len   80
inode   70 (FIL) len   827
inode   71 (FIL) len   3003
inode   72 (FIL) len   2497
inode   73 (FIL) len   3769
inode   74 (FIL) len   1258
inode   75 (FIL) len   399
inode   76 (FIL) len   1361
inode   77 (FIL) len   340
inode   78 (FIL) len   370
inode   79 (FIL) len   2092
inode   80 (FIL) len   636
inode   81 (FIL) len   714
inode   82 (FIL) len   1561
inode   83 (DIR) len   48
inode   84 (DIR) len   32
inode   85 (FIL) len   2987
inode   86 (FIL) len   3275
inode   87 (FIL) len   1870
inode   88 (FIL) len   2247
inode   89 (FIL) len   536
inode   90 (FIL) len   273
inode   91 (FIL) len   283
inode   92 (FIL) len   273
inode   93 (FIL) len   3105
inode   94 (FIL) len   2223
inode   95 (FIL) len   398
inode   96 (FIL) len   1761
inode   97 (FIL) len   3026
inode   98 (FIL) len   3764
inode   99 (FIL) len   1167
inode   100 (FIL) len   1561
inode   101 (FIL) len   1103
inode   102 (FIL) len   843
inode   103 (FIL) len   482
inode   104 (FIL) len   1040
inode   105 (FIL) len   1778
inode   106 (FIL) len   577
inode   107 (FIL) len   1799
inode   108 (FIL) len   648
inode   109 (FIL) len   1683
inode   110 (FIL) len   2137
inode   111 (FIL) len   1385
inode   112 (FIL) len   1766
inode   113 (DIR) len   16
inode   114 (FIL) len   3392
inode   115 (FIL) len   269
inode   116 (DIR) len   0
inode   117 (DIR) len   96
inode   118 (FIL) len   473
inode   119 (FIL) len   460
inode   120 (FIL) len   775
inode   121 (FIL) len   177
inode   122 (FIL) len   1278
inode   123 (FIL) len   312
inode   124 (FIL) len   1488
inode   125 (FIL) len   372
inode   126 (FIL) len   263
inode   127 (FIL) len   571
inode   128 (FIL) len   1611
inode   129 (FIL) len   594
inode   130 (FIL) len   952
inode   131 (DIR) len   320
inode   132 (DIR) len   32
inode   133 (FIL) len   607
inode   134 (FIL) len   1767
inode   135 (FIL) len   2425
inode   136 (FIL) len   3324
inode   137 (FIL) len   3290
inode   138 (DIR) len   0
inode   139 (FIL) len   2270
inode   140 (DIR) len   16
inode   141 (FIL) len   3546
inode   142 (FIL) len   3008
inode   143 (DIR) len   0
inode   144 (DIR) len   16
inode   145 (FIL) len   1545
inode   146 (FIL) len   1843
inode   147 (DIR) len   0
inode   148 (DIR) len   64
inode   149 (FIL) len   4006
inode   150 (DIR) len   16
inode   151 (FIL) len   2075
inode   152 (FIL) len   352
inode   153 (FIL) len   394
inode   154 (FIL) len   1323
inode   155 (DIR) len   48
inode   156 (FIL) len   22
inode   157 (FIL) len   8
inode   158 (FIL) len   11
inode   159 (FIL) len   900
inode   160 (FIL) len   3023
inode   161 (FIL) len   226
inode   162 (FIL) len   2135
inode   163 (FIL) len   2913
inode   164 (FIL) len   1342
inode   165 (DIR) len   0
inode   166 (FIL) len   800
